         w __deregister_frame_info
         w _ITM_deregisterTMCloneTable
         w _ITM_registerTMCloneTable
         w __register_frame_info
00000000 00000401 b __fixedpath
00000000 b .LANCHOR1
00000000 a shift
00000000 a shift
00000000 b _TLS_MODULE_BASE_
00000404 b .LANCHOR3
00000404 00000802 b __utf16path
00000c08 b .LANCHOR5
00000c08 00000802 b __utf16path_old.8107
00100000 T _start
00100000 a __start__
00100008 T __service_ptr
0010000c T __apt_appid
00100010 T __heap_size
00100014 T __linear_heap_size
00100018 T __system_arglist
0010001c T __system_runflags
00100020 t startup
00100058 t ClearMem
0010006c t ClrLoop
00100094 T _init
001000ac T initSystem
001000f0 T __ctru_exit
00100110 T __aeabi_idiv
00100110 00000220 T __divsi3
00100118 t .divsi3_skip_div0_test
00100330 00000020 T __aeabi_idivmod
00100350 00000004 W __aeabi_idiv0
00100350 00000004 W __aeabi_ldiv0
00100354 T __aeabi_uldivmod
001003a8 00000390 T strcmp
00100730 T __aeabi_uidiv
00100730 000001ec T __udivsi3
00100730 t .udivsi3_skip_div0_test
0010091c 00000020 T __aeabi_uidivmod
0010093c t deregister_tm_clones
00100968 t register_tm_clones
001009a0 t __do_global_dtors_aux
001009e4 t frame_dummy
00100a18 000000a8 T main
00100ac0 00000018 T consoleSelect
00100ad8 000001c0 T consoleDrawChar
00100c98 00000128 T consolePrintChar
00100dc0 00000184 t consoleCls
00100f44 00000104 T consoleInit
00101048 00000138 t consoleClearLine
00101180 000000c0 t newRow
00101240 00000810 T con_write
00101a50 0000008c t gfxSetFramebufferInfo.part.0
00101adc 00000018 T __get_bytes_per_pixel
00101af4 00000184 T gfxSetScreenFormat
00101c78 00000010 T gfxSetDoubleBuffering
00101c88 0000006c T gfxSetFramebufferInfo
00101cf4 000000b0 T gfxWriteFramebufferInfo
00101da4 00000210 T gfxInit
00101fb4 00000010 T gfxInitDefault
00101fc4 000000e0 T gfxExit
001020a4 000000a8 T gfxGetFramebuffer
0010214c 000000e8 T gfxFlushBuffers
00102234 00000060 T gfxConfigScreen
00102294 00000020 T gfxSwapBuffers
001022b4 00000020 T gfxSwapBuffersGpu
001022d4 00000074 T gspInit
00102348 0000003c T gspExit
00102384 000000a0 T gspInitEventHandler
00102424 00000040 T gspExitEventHandler
00102464 00000044 T gspWaitForEvent
001024a8 00000004 W gxCmdQueueInterrupt
001024ac 00000174 t gspEventThreadMain
00102620 0000006c T GSPGPU_SetBufferSwap
0010268c 0000004c T GSPGPU_FlushDataCache
001026d8 00000034 T GSPGPU_SetLcdForceBlack
0010270c 00000064 T GSPGPU_RegisterInterruptRelayQueue
00102770 0000002c T GSPGPU_UnregisterInterruptRelayQueue
0010279c 00000048 T GSPGPU_AcquireRight
001027e4 0000002c T GSPGPU_ReleaseRight
00102810 00000080 T GSPGPU_ImportDisplayCaptureInfo
00102890 0000002c T GSPGPU_SaveVramSysArea
001028bc 0000002c T GSPGPU_RestoreVramSysArea
001028e8 00000004 W _aptDebug
001028ec 0000015c T aptSendCommand
00102a48 0000003c t aptExitProcess
00102a84 0000004c T APT_InquireNotification
00102ad0 0000019c t aptEventHandler
00102c6c 00000074 T APT_AppletUtility
00102ce0 000000b0 T aptSetSleepAllowed
00102d90 000000b0 T APT_GlanceParameter
00102e40 000000c4 T APT_ReceiveParameter
00102f04 000000bc t aptReceiveParameter.constprop.1
00102fc0 000001e8 t aptScreenTransfer
001031a8 00000210 t aptWaitForWakeUp
001033b8 00000070 T APT_CancelParameter
00103428 00000270 T aptInit
00103698 00000088 t aptClearParamQueue
00103720 000001e4 t aptMainLoop.part.0
00103904 0000001c T aptMainLoop
00103920 0000024c T aptExit
00103b6c 0000007c T APT_CheckNew3DS
00103be8 000000d0 T hidExit
00103cb8 0000026c T hidScanInput
00103f24 00000010 T hidKeysDown
00103f34 00000090 T HIDUSER_GetHandles
00103fc4 000001a8 T hidInit
0010416c 00000038 W __libctru_init
001041a4 00000030 t __ctru_get_reent
001041d4 000000e4 T __system_initSyscalls
001042b8 00000104 W __system_allocateHeaps
001043bc 000000ec T __system_initArgv
001044a8 T svcControlMemory
001044c8 T svcExitProcess
001044d0 T svcCreateThread
001044f0 T svcExitThread
001044f8 T svcSleepThread
00104500 T svcReleaseMutex
00104508 T svcCreateEvent
0010451c T svcSignalEvent
00104524 T svcClearEvent
0010452c T svcMapMemoryBlock
00104534 T svcUnmapMemoryBlock
0010453c T svcCreateAddressArbiter
00104550 T svcArbitrateAddress
00104568 T svcCloseHandle
00104570 T svcWaitSynchronization
00104578 T svcWaitSynchronizationN
001045a0 T svcDuplicateHandle
001045b4 T svcGetSystemTick
001045bc T svcGetSystemInfo
001045d4 T svcConnectToPort
001045e8 T svcSendSyncRequest
001045f0 T svcBreak
001045f8 00000024 t addrMapNodeComparator(rbtree_node const*, rbtree_node const*)
0010461c 00000004 t addrMapNodeDestructor(rbtree_node*)
00104620 00000110 T vramMemAlign
00104730 00000008 T vramAlloc
00104738 00000050 T vramFree
00104788 00000024 t addrMapNodeComparator(rbtree_node const*, rbtree_node const*)
001047ac 00000004 t addrMapNodeDestructor(rbtree_node*)
001047b0 000000e4 T mappableAlloc
00104894 00000050 T mappableFree
001048e4 00000024 t addrMapNodeComparator(rbtree_node const*, rbtree_node const*)
00104908 00000004 t addrMapNodeDestructor(rbtree_node*)
0010490c 0000011c T linearMemAlign
00104a28 00000008 T linearAlloc
00104a30 00000050 T linearFree
00104a80 00000098 T MemPool::CoalesceRight(MemBlock*)
00104b18 0000016c T MemPool::Allocate(MemChunk&, unsigned long, int)
00104c84 000000fc T MemPool::Deallocate(MemChunk const&)
00104d80 00000034 t LightLock_Unlock.part.1
00104db4 0000000c T __sync_init
00104dc0 00000018 T __sync_fini
00104dd8 00000010 T __sync_get_arbiter
00104de8 00000018 T LightLock_Init
00104e00 0000009c T LightLock_Lock
00104e9c 00000034 T LightLock_TryLock
00104ed0 00000020 T LightLock_Unlock
00104ef0 00000024 T RecursiveLock_Init
00104f14 00000030 T RecursiveLock_Lock
00104f44 00000058 T RecursiveLock_TryLock
00104f9c 00000038 T RecursiveLock_Unlock
00104fd4 00000038 T LightEvent_Init
0010500c 0000007c T LightEvent_Clear
00105088 000000dc T LightEvent_Signal
00105164 000000bc T LightEvent_Wait
00105220 00000058 t getSysTime
00105278 00000028 t __ctru_speedup_config.part.0
001052a0 00000024 T osGetMemRegionUsed
001052c8 00000128 T __libctru_gtod
001053f0 00000018 T __ctru_speedup_config
00105408 00000058 T srvExit
00105460 00000038 T srvRegisterClient
00105498 000000c4 T srvInit
0010555c 0000006c T srvGetServiceHandleDirect
001055c8 00000038 T srvGetServiceHandle
00105600 0000001c t threadFree.part.0
0010561c 000001ac T threadCreate
001057c8 00000024 T threadJoin
001057ec 00000064 T threadExit
00105850 00000040 t _thread_begin
00105890 000000ac T irrstScanInput
0010593c 00000024 T irrstKeysHeld
00105960 00000050 T IRRST_GetHandles
001059b0 00000158 T irrstInit
00105b08 0000002c T IRRST_Shutdown
00105b34 000000ac T irrstExit
00105be0 0000000c T srvPmGetSessionHandle
00105bec 00000074 T ptmSysmInit
00105c60 0000003c T ptmSysmExit
00105c9c 00000034 T PTMSYSM_ConfigureNew3DSCPU
00105cd0 00000014 T rbtree_init
00105ce4 0000018c t do_insert
00105e70 00000008 T rbtree_insert
00105e78 00000094 T rbtree_rotate
00105f0c 0000032c T rbtree_remove
00106238 0000006c T rbtree_find
001062a4 0000001c W __appInit
001062c0 0000001c W __appExit
001062dc 000000a4 W __libctru_exit
00106380 00000084 T envGetHandle
00106404 0000004c T envDestroyHandles
00106450 00000010 t sdmc_link
00106460 00000010 t sdmc_dirreset
00106470 00000010 t sdmc_chmod
00106480 00000024 t error_cmp
001064a4 00000050 t sdmc_translate_error
001064f4 00000034 t sdmc_fsync
00106528 00000054 t sdmc_ftruncate
0010657c 000000b8 t sdmc_statvfs
00106634 00000038 t sdmc_dirclose
0010666c 00000138 t sdmc_dirnext
001067a4 00000034 t sdmc_close
001067d8 00000074 t sdmc_fstat
0010684c 000000d0 t sdmc_seek
0010691c 00000084 t sdmc_read
001069a0 000000c0 t sdmc_write
00106a60 000001a8 t sdmc_utf16path
00106c08 00000074 t sdmc_rmdir
00106c7c 000000a0 t sdmc_diropen
00106d1c 000000a0 t sdmc_chdir
00106dbc 00000098 t sdmc_mkdir
00106e54 00000108 t sdmc_rename
00106f5c 00000074 t sdmc_unlink
00106fd0 00000108 t sdmc_stat
001070d8 00000198 t sdmc_open
00107270 00000010 t sdmc_fchmod
00107280 00000168 T sdmcInit
001073e8 00000060 T sdmcExit
00107448 00000028 t fsSessionForArchive.part.0
00107470 000000d0 T fsInit
00107540 0000003c T fsExit
0010757c 00000074 T fsExemptFromSession
001075f0 00000050 T fsUnexemptFromSession
00107640 000000c0 T FSUSER_OpenFile
00107700 000000a8 T FSUSER_DeleteFile
001077a8 000000e0 T FSUSER_RenameFile
00107888 000000a8 T FSUSER_DeleteDirectory
00107930 000000c0 T FSUSER_CreateFile
001079f0 000000b0 T FSUSER_CreateDirectory
00107aa0 000000e0 T FSUSER_RenameDirectory
00107b80 000000a4 T FSUSER_OpenDirectory
00107c24 00000098 T FSUSER_OpenArchive
00107cbc 00000074 T FSUSER_CloseArchive
00107d30 00000078 T FSUSER_GetSdmcArchiveResource
00107da8 00000064 T FSUSER_IsSdmcWritable
00107e0c 00000058 T FSFILE_Read
00107e64 00000064 T FSFILE_Write
00107ec8 00000038 T FSFILE_GetSize
00107f00 00000028 T FSFILE_SetSize
00107f28 0000003c T FSFILE_Close
00107f64 00000024 T FSFILE_Flush
00107f88 00000054 T FSDIR_Read
00107fdc 0000003c T FSDIR_Close
00108018 00000074 T rbtree_node_next
0010808c 000000e8 T utf16_to_utf8
00108174 00000060 T decode_utf16
001081d4 00000138 T decode_utf8
0010830c 000000c0 T utf8_to_utf16
001083cc T __aeabi_read_tp
001083d8 00000068 T encode_utf16
00108440 00000104 T encode_utf8
00108544 00000158 T __udivmoddi4
0010869c 00000074 T bsearch
00108710 00000040 T __libc_fini_array
00108750 0000007c T __libc_init_array
001087cc 00000020 T memalign
001087ec 00000158 T _memalign_r
00108944 00000018 T malloc
0010895c 00000018 T free
00108974 000007a8 T _malloc_r
0010911c 00000100 T memchr
0010921c 0000010c T memcpy
00109328 00000110 T memset
00109438 0000000c T __malloc_lock
00109444 0000000c T __malloc_unlock
00109450 00000038 T printf
00109488 00000264 T setvbuf
001096ec 00000074 T sscanf
00109760 0000003c T __sread
0010979c 00000008 T __seofread
001097a4 00000064 T __swrite
00109808 0000004c T __sseek
00109854 00000008 T __sclose
0010985c 0000005c T strlen
001098b8 00000098 T strncat
00109950 000000d8 T strncpy
00109a28 0000005c T strnlen
00109a84 000027c8 T __ssvfscanf_r
0010c24c 0000001c t __sprint_r.part.0
0010c268 0000001c T __sprint_r
0010c284 000074a0 t get_arg
00113728 00003fd8 T _vfprintf_r
00117700 000000d0 t __sbprintf
001177d0 000000a0 T _wcrtomb_r
00117870 00000020 T _wcsrtombs_r
00117890 00000148 T __swsetup_r
001179d8 000001bc t quorem
00117b98 00001224 T _dtoa_r
00118dbc 0000026c T __sflush_r
00119028 00000094 T _fflush_r
001190bc 0000000c T _cleanup_r
001190c8 00000078 t std.isra.0
00119140 0000008c T __sinit
001191cc 0000000c T __sfp_lock_acquire
001191d8 0000000c T __sfp_lock_release
001191e4 000000f8 T _malloc_trim_r
001192dc 000002e4 T _free_r
001195c0 00000498 T __sfvwrite_r
00119a58 00000078 T _fwalk_reent
00119ad0 00000074 T iswspace
00119b44 000001e0 t __jp2uc
00119d24 000000c4 T _jp2uc
00119de8 00000008 T __localeconv_l
00119df0 00000024 T _localeconv_r
00119e14 00000024 T __locale_mb_cur_max
00119e38 00000008 T __locale_ctype_ptr_l
00119e40 00000024 T __locale_ctype_ptr
00119e64 00000094 T __swhatbuf_r
00119ef8 000000f4 T __smakebuf_r
00119fec 000000b4 T _mbrtowc_r
0011a0a0 000002fc T __utf8_mbtowc
0011a39c 0000013c T memmove
0011a4d8 00000088 T _Balloc
0011a560 0000001c T _Bfree
0011a57c 000000d0 T __multadd
0011a64c 000000e0 T __s2b
0011a72c 00000058 T __hi0bits
0011a784 0000009c T __lo0bits
0011a820 00000020 T __i2b
0011a840 000001d4 T __multiply
0011aa14 00000100 T __pow5mult
0011ab14 000000e8 T __lshift
0011abfc 0000005c T __mcmp
0011ac58 00000168 T __mdiff
0011adc0 00000078 T __ulp
0011ae38 000000d0 T __b2d
0011af08 00000104 T __d2b
0011b00c 00000084 T __ratio
0011b090 00000088 T __copybits
0011b118 00000078 T __any_on
0011b190 000004d0 T _realloc_r
0011b660 000000cc T __sccl
0011b72c 0000000c T nanf
0011b738 0000009c T frexp
0011b7d4 00000064 T sprintf
0011b838 000000f8 T stpncpy
0011b930 00000180 T strchr
0011bab0 000000f8 T strncmp
0011bba8 00000054 t sulp
0011bc00 00001464 T _strtod_l
0011d064 0000003c T _strtod_r
0011d0a0 00000274 t _strtoll_l.isra.0
0011d314 00000050 T _strtoll_r
0011d364 000001bc t _strtol_l.isra.0
0011d520 00000050 T _strtol_r
0011d570 00000260 t _strtoull_l.isra.0
0011d7d0 00000050 T _strtoull_r
0011d820 000001d0 t _strtoul_l.isra.0
0011d9f0 00000050 T _strtoul_r
0011da40 00000188 T __ssprint_r
0011dbc8 000000dc T _sungetc_r
0011dca4 0000006c T __ssrefill_r
0011dd10 000000c8 T _sfread_r
0011ddd8 000074a0 t get_arg
00125278 00003e2c T _svfprintf_r
001290a4 000000a4 T __submore
00129148 00000170 T _wcsnrtombs_l
001292b8 00000064 T _wcsnrtombs_r
0012931c 000000e8 T __utf8_wctomb
00129404 00000090 T _calloc_r
00129494 00000164 T _fclose_r
001295f8 00000104 t rshift
001296fc 000007f8 T __gethex
00129ef4 00000060 T __match
00129f54 00000254 T __hexnan
0012a1a8 00000008 t null_write
0012a1b0 00000018 T setDefaultDevice
0012a1c8 000000cc T FindDevice
0012a294 00000028 T RemoveDevice
0012a2bc 00000098 T AddDevice
0012a354 00000084 T _close_r
0012a3d8 00000074 T _fstat_r
0012a44c 00000008 T _isatty_r
0012a454 00000084 T _lseek_r
0012a4d8 00000080 T _read_r
0012a558 00000070 T _sbrk_r
0012a5c8 00000080 T _write_r
0012a648 000001cc T _concatenate_path
0012a814 0000015c T chdir
0012a970 00000008 T __flockfile
0012a978 00000008 T __funlockfile
0012a980 00000018 T __libc_lock_acquire
0012a998 00000018 T __libc_lock_release
0012a9b0 00000018 T __libc_lock_init_recursive
0012a9c8 00000018 T __libc_lock_acquire_recursive
0012a9e0 00000018 T __libc_lock_release_recursive
0012a9f8 00000018 T __libc_lock_close_recursive
0012aa10 0000008c T __release_handle
0012aa9c 00000018 T __get_handle
0012aab4 00000028 T __getreent
0012aadc 00000044 T strrchr
0012ab20 T _fini
0012b000 R default_font_bin
0012b800 R default_font_bin_end
0012b800 R default_font_bin_size
0012b864 00000030 r colorTable
0012b8e8 00000068 r dotab_stdout
0012b960 00000014 r CSWTCH.61
0012b974 00000008 r framebufferInfoSt
0012b9d4 00000030 r error_table
0012ba24 00000022 r basefix.8603
0012ba88 r .LC2
0012ba8c 00000010 r blanks.8577
0012ba9c 00000010 r zeroes.8578
0012bad0 000000bc r a1
0012bb8c 000000bc r a2
0012bc48 0000005b r a3
0012bca4 00000070 r a6
0012bd14 000000a2 r a7
0012bdb8 00000040 r a8
0012bdf8 0000172a r b02cf
0012d524 00001a7c r d02f4
0012efe8 00000028 R __mprec_bigtens
0012f010 000000c8 R __mprec_tens
0012f0d8 0000000c r p05.7353
0012f0f4 00000014 r fpi.7439
0012f108 00000014 r fpinan.7475
0012f120 00000028 r tinytens
0012f148 0000006c R __action_table
0012f1b4 00000100 R __chclass
0012f2b4 0000006c R __state_table
0012f320 00000010 r blanks.8562
0012f330 00000010 r zeroes.8563
0012f340 00000101 R _ctype_
0012f444 00000100 R __hexdig
0012f54c 00000068 R dotab_stdnull
0012f5b4 00000003 R DIRECTORY_PARENT
0012f5b8 r __EH_FRAME_BEGIN__
0012f5b8 R __exidx_end
0012f5b8 R __exidx_start
00130000 W __stacksize__
00130004 00000004 D currentConsole
00130008 0000004c D defaultConsole
00130054 00000001 d firstConsoleInit.7969
00130055 00000001 d botFormat
00130058 00000008 d doubleBuf
00130060 00000001 d topFormat
00130064 00000004 d gspLastEvent
00130068 00000004 d aptFlags
0013006c 00000004 V __ctru_linear_heap_size
00130070 00000401 d __cwd
00130474 00000068 d sdmc_devoptab
001304dc 00000004 D _impure_ptr
001304e0 00000460 d impure_data
00130940 00000408 D __malloc_av_
00130d48 00000004 D __malloc_sbrk_base
00130d4c 00000004 D __malloc_trim_threshold
00130d50 0000000c d __malloc_lock_object
00130d5c 0000000c d __sfp_lock
00130d68 0000000c d __sinit_lock
00130d74 0000016c D __global_locale
00130ee0 00000004 d defaultDevice
00130ee4 00000040 D devoptab_list
00130f24 00001000 d _current_working_directory
00131f24 00000004 d __hndl_lock
00131f28 0000000c d __stderr_handle
00131f34 0000000c d __stdin_handle
00131f40 0000000c d __stdout_handle
00131f4c 00001000 d handles
00132f4c t __frame_dummy_init_array_entry
00132f4c T __init_array_start
00132f4c B __preinit_array_end
00132f4c B __preinit_array_start
00132f4c D __tdata_lma
00132f4c D __tdata_lma_end
00132f4c D __TMC_END__
00132f4c d __TMC_LIST__
00132f50 t __do_global_dtors_aux_fini_array_entry
00132f50 T __fini_array_start
00132f50 T __init_array_end
00132f54 T __bss_start__
00132f54 T __fini_array_end
00132f54 b saved_stack
00132f5c b completed.7759
00132f60 b object.7764
00132f78 00000002 b currentBuffer
00132f7a 00000001 b enable3d
00132f7c 00000004 b screenAlloc
00132f80 00000004 b screenFree
00132f84 00000004 b gspEvent
00132f88 0000001c b gspEventCb
00132fa4 0000001c b gspEventCbData
00132fc0 00000007 b gspEventCbOneShot
00132fc8 0000001c b gspEventCounts
00132fe4 00000004 b gspEventData
00132fe8 00000004 b gspEventThread
00132fec 00000038 b gspEvents
00133024 00000004 b gspRefCount
00133028 00000001 b gspRunEvents
00133029 00000001 b aptChainloadMediatype
00133030 00000008 b aptChainloadTid
00133038 00000004 b aptEventHandlerThread
0013303c 0000000c b aptEvents
00133048 0000000c b aptFirstHook
00133054 00000001 b aptHomeButtonState
00133058 00000004 b aptLockHandle
0013305c 00000004 b aptMessageFunc
00133060 00000004 b aptMessageFuncData
00133064 00001000 b aptParameters
00134064 00000004 b aptRefCount
00134068 00000008 b aptSleepEvent
00134070 00000001 b flagInit.8115
00134071 00000001 b flagValue.8116
00134074 00000004 b serviceName.7754
00134078 00000006 b aVec
00134080 00000004 b cPos
00134084 00000006 b gRate
0013408c 00000004 b hidRefCount
00134090 00000004 b kDown
00134094 00000004 b kHeld
00134098 00000004 b kOld
0013409c 00000004 b kUp
001340a0 00000004 b tPos
001340a4 00000004 V __ctru_heap_size
001340a8 0000000c b sAddrMap
001340b4 00000008 b sVramPool
001340bc 00000008 b sMappablePool
001340c4 0000000c b sAddrMap
001340d0 00000008 b sLinearPool
001340d8 0000000c b sAddrMap
001340e4 00000004 b arbiter
001340e8 00000001 V __ctru_speedup
001340ec 00000004 b srvHandle
001340f0 00000004 b srvRefCount
001340f4 00000004 b csPos
001340f8 00000004 b irrstRefCount
001340fc 00000004 b kHeld
00134100 00000004 b srvPmHandle
00134104 00000004 b ptmSysmHandle
00134108 00000004 b ptmSysmRefCount
00134110 00000008 b sdmcArchive
00134118 00000001 b sdmcInitialised
00134120 00000080 b fsExemptArchives
001341a0 00000004 b fsuHandle
001341a4 00000004 b fsuRefCount
001341a8 00000028 B __malloc_current_mallinfo
001341d0 00000004 B __malloc_max_sbrked_mem
001341d4 00000004 B __malloc_max_total_mem
001341d8 00000004 B __malloc_top_pad
001341dc 00000004 b heap_start.7089
001341e0 00000004 B fake_heap_end
001341e4 00000004 B fake_heap_start
001341e8 00001000 b temp_cwd
001351e8 00000038 B __syscalls
00135220 0000004c B currentCopy
0013526c 00000008 B gfxBottomFramebuffers
00135274 00000004 B gspSharedMemHandle
00135278 0000001c B bottomFramebufferInfo
00135294 00000004 B gspEvent
00135298 00000008 B gfxTopLeftFramebuffers
001352a0 00000008 B gfxTopRightFramebuffers
001352a8 0000001c B topFramebufferInfo
001352c4 00000001 B gfxThreadID
001352c8 00000004 B gfxSharedMemory
001352cc 00000004 B gfxTopFramebufferMaxSize
001352d0 00000004 B gfxBottomFramebufferMaxSize
001352d4 00000004 B gxCmdBuf
001352d8 00000004 B gspGpuHandle
001352dc 00000004 B hidMemHandle
001352e0 00000004 B hidHandle
001352e4 00000004 B hidSharedMem
001352e8 00000014 B hidEvents
001352fc 00000004 B __system_retAddr
00135300 00000004 B __ctru_linear_heap
00135304 00000004 B __ctru_heap
00135308 00000004 B __system_argv
0013530c 00000004 B __system_argc
00135310 00000004 B irrstHandle
00135314 00000004 B irrstEvent
00135318 00000004 B irrstMemHandle
0013531c 00000004 B irrstSharedMem
00135320 B __tls_start
0013672c B __bss_end__
0013672c A __end__
0013672c B __tls_end
